<?xml version="1.0" encoding="UTF-8"?>
<!-- Generated by org.testng.reporters.JUnitReportReporter -->
<testsuite hostname="DESKTOP-S344IQT" failures="0" tests="1" name="com.sauceDemo.TestPackage.TC02VerifyLogoutFuctinality" time="5.897" errors="0" timestamp="2022-08-07T21:49:25 IST" skipped="0">
  <testcase classname="com.sauceDemo.TestPackage.TC02VerifyLogoutFuctinality" name="verifyLogOut" time="5.897"/>
  <system-out/>
</testsuite> <!-- com.sauceDemo.TestPackage.TC02VerifyLogoutFuctinality -->
