<?xml version="1.0" encoding="UTF-8"?>
<!-- Generated by org.testng.reporters.JUnitReportReporter -->
<testsuite hostname="DESKTOP-S344IQT" failures="0" tests="1" name="com.sauceDemo.TestPackage.TC04VerifyallAddToCartButtonFunctionality" time="5.232" errors="0" timestamp="2022-08-07T21:49:25 IST" skipped="0">
  <testcase classname="com.sauceDemo.TestPackage.TC04VerifyallAddToCartButtonFunctionality" name="allProductAddToCart" time="5.232"/>
  <system-out/>
</testsuite> <!-- com.sauceDemo.TestPackage.TC04VerifyallAddToCartButtonFunctionality -->
